<?xml version="1.0" encoding="UTF-8"?>
<!-- Generated by org.testng.reporters.JUnitXMLReporter -->
<testsuite hostname="rkumarm-win64" name="Command line test" tests="1" failures="0" timestamp="27 May 2019 14:33:03 GMT" time="0.177" errors="0">
  <testcase name="@BeforeMethod launch" time="0.0" classname="TestNG.simplewebapp">
    <failure type="java.lang.IllegalStateException" message="The driver executable does not exist: D:\usr\bin\chromedriver">
      <![CDATA[java.lang.IllegalStateException: The driver executable does not exist: D:\usr\bin\chromedriver
	at com.google.common.base.Preconditions.checkState(Preconditions.java:585)
	at org.openqa.selenium.remote.service.DriverService.checkExecutable(DriverService.java:146)
	at org.openqa.selenium.remote.service.DriverService.findExecutable(DriverService.java:141)
	at org.openqa.selenium.chrome.ChromeDriverService.access$000(ChromeDriverService.java:35)
	at org.openqa.selenium.chrome.ChromeDriverService$Builder.findDefaultExecutable(ChromeDriverService.java:159)
	at org.openqa.selenium.remote.service.DriverService$Builder.build(DriverService.java:355)
	at org.openqa.selenium.chrome.ChromeDriverService.createDefaultService(ChromeDriverService.java:94)
	at org.openqa.selenium.chrome.ChromeDriver.<init>(ChromeDriver.java:157)
	at TestNG.simplewebapp.launch(simplewebapp.java:19)
	at TestNG.AppleBite.main(AppleBite.java:13)
	at org.eclipse.jdt.internal.jarinjarloader.JarRsrcLoader.main(JarRsrcLoader.java:58)
... Removed 27 stack frames]]>
    </failure>
  </testcase> <!-- @BeforeMethod launch -->
  <testcase name="@AfterMethod close" time="0.0" classname="TestNG.simplewebapp">
    <skipped/>
  </testcase> <!-- @AfterMethod close -->
  <testcase name="verifyAboutUs" time="0.0" classname="TestNG.simplewebapp">
    <skipped/>
  </testcase> <!-- verifyAboutUs -->
</testsuite> <!-- Command line test -->
